<?xml version="1.0" encoding="UTF-8"?>
<!-- Generated by org.testng.reporters.JUnitXMLReporter -->
<testsuite ignored="0" hostname="DESKTOP-55O4248" failures="0" tests="3" name="Default test" time="107.584" errors="0" timestamp="2021-09-25T19:40:02 IST">
  <testcase classname="testclass.CreateLeadtest" name="login" time="17.368"/>
  <testcase classname="testclass.CreateLeadtest" name="newlead" time="3.903"/>
  <testcase classname="testclass.CreateLeadtest" name="passcompanyname" time="11.776"/>
</testsuite> <!-- Default test -->
