<?xml version="1.0" encoding="UTF-8"?>
<!-- Generated by org.testng.reporters.JUnitXMLReporter -->
<testsuite ignored="0" hostname="DESKTOP-55O4248" failures="0" tests="3" name="Test" time="85.102" errors="0" timestamp="2021-09-25T19:51:50 IST">
  <testcase classname="testclass.CreateLeadtest" name="login" time="18.913"/>
  <testcase classname="testclass.CreateLeadtest" name="newlead" time="1.509"/>
  <testcase classname="testclass.CreateLeadtest" name="passcompanyname" time="8.968"/>
</testsuite> <!-- Test -->
