<?xml version="1.0" encoding="UTF-8"?>
<testsuite xmlns:xsi="http://www.w3.org/2001/XMLSchema-instance" xsi:noNamespaceSchemaLocation="https://maven.apache.org/surefire/maven-surefire-plugin/xsd/surefire-test-report.xsd" name="TestSuite" time="90.244" tests="3" errors="0" skipped="0" failures="0">
  <properties>
[...]
</properties>
  <testcase name="login" classname="testclass.CreateLeadtest" time="18.919"/>
  <testcase name="newlead" classname="testclass.CreateLeadtest" time="1.509"/>
  <testcase name="passcompanyname" classname="testclass.CreateLeadtest" time="8.969"/>
</testsuite>