<?xml version="1.0" encoding="UTF-8"?>
<testng-results ignored="0" total="3" passed="3" failed="0" skipped="0">
  <reporter-output>
    <line>
      <![CDATA[HomePage is displayed, passed]]>
    </line>
  </reporter-output>
  <suite started-at="2021-09-25T19:50:24 IST" name="Suite" finished-at="2021-09-25T19:51:49 IST" duration-ms="85102">
    <groups>
    </groups>
    <test started-at="2021-09-25T19:50:24 IST" name="Test" finished-at="2021-09-25T19:51:49 IST" duration-ms="85102">
      <class name="testclass.CreateLeadtest">
        <test-method is-config="true" signature="intialization()[pri:0, instance:testclass.CreateLeadtest@28f2a10f]" started-at="2021-09-25T19:50:24 IST" name="intialization" finished-at="2021-09-25T19:51:16 IST" duration-ms="51993" status="PASS">
          <reporter-output>
            <line>
              <![CDATA[HomePage is displayed, passed]]>
            </line>
          </reporter-output>
        </test-method> <!-- intialization -->
        <test-method signature="login()[pri:1, instance:testclass.CreateLeadtest@28f2a10f]" started-at="2021-09-25T19:51:16 IST" name="login" finished-at="2021-09-25T19:51:35 IST" duration-ms="18913" status="PASS">
          <reporter-output>
          </reporter-output>
        </test-method> <!-- login -->
        <test-method signature="newlead()[pri:2, instance:testclass.CreateLeadtest@28f2a10f]" started-at="2021-09-25T19:51:35 IST" name="newlead" finished-at="2021-09-25T19:51:37 IST" duration-ms="1509" status="PASS">
          <reporter-output>
          </reporter-output>
        </test-method> <!-- newlead -->
        <test-method signature="passcompanyname()[pri:3, instance:testclass.CreateLeadtest@28f2a10f]" started-at="2021-09-25T19:51:37 IST" name="passcompanyname" finished-at="2021-09-25T19:51:46 IST" duration-ms="8968" status="PASS">
          <reporter-output>
          </reporter-output>
        </test-method> <!-- passcompanyname -->
        <test-method is-config="true" signature="teardown()[pri:0, instance:testclass.CreateLeadtest@28f2a10f]" started-at="2021-09-25T19:51:46 IST" name="teardown" finished-at="2021-09-25T19:51:49 IST" duration-ms="3622" status="PASS">
          <reporter-output>
          </reporter-output>
        </test-method> <!-- teardown -->
      </class> <!-- testclass.CreateLeadtest -->
    </test> <!-- Test -->
  </suite> <!-- Suite -->
</testng-results>
