<?xml version="1.0" encoding="UTF-8"?>
<testng-results ignored="0" total="3" passed="3" failed="0" skipped="0">
  <reporter-output>
    <line>
      <![CDATA[HomePage is displayed, passed]]>
    </line>
  </reporter-output>
  <suite started-at="2021-09-25T19:38:13 IST" name="Default suite" finished-at="2021-09-25T19:40:00 IST" duration-ms="107584">
    <groups>
    </groups>
    <test started-at="2021-09-25T19:38:13 IST" name="Default test" finished-at="2021-09-25T19:40:00 IST" duration-ms="107584">
      <class name="testclass.CreateLeadtest">
        <test-method is-config="true" signature="intialization()[pri:0, instance:testclass.CreateLeadtest@298a5e20]" started-at="2021-09-25T19:38:13 IST" name="intialization" finished-at="2021-09-25T19:39:24 IST" duration-ms="71745" status="PASS">
          <reporter-output>
            <line>
              <![CDATA[HomePage is displayed, passed]]>
            </line>
          </reporter-output>
        </test-method> <!-- intialization -->
        <test-method signature="login()[pri:1, instance:testclass.CreateLeadtest@298a5e20]" started-at="2021-09-25T19:39:25 IST" name="login" finished-at="2021-09-25T19:39:42 IST" duration-ms="17368" status="PASS">
          <reporter-output>
          </reporter-output>
        </test-method> <!-- login -->
        <test-method signature="newlead()[pri:2, instance:testclass.CreateLeadtest@298a5e20]" started-at="2021-09-25T19:39:42 IST" name="newlead" finished-at="2021-09-25T19:39:46 IST" duration-ms="3903" status="PASS">
          <reporter-output>
          </reporter-output>
        </test-method> <!-- newlead -->
        <test-method signature="passcompanyname()[pri:3, instance:testclass.CreateLeadtest@298a5e20]" started-at="2021-09-25T19:39:46 IST" name="passcompanyname" finished-at="2021-09-25T19:39:58 IST" duration-ms="11776" status="PASS">
          <reporter-output>
          </reporter-output>
        </test-method> <!-- passcompanyname -->
        <test-method is-config="true" signature="teardown()[pri:0, instance:testclass.CreateLeadtest@298a5e20]" started-at="2021-09-25T19:39:58 IST" name="teardown" finished-at="2021-09-25T19:40:00 IST" duration-ms="2351" status="PASS">
          <reporter-output>
          </reporter-output>
        </test-method> <!-- teardown -->
      </class> <!-- testclass.CreateLeadtest -->
    </test> <!-- Default test -->
  </suite> <!-- Default suite -->
</testng-results>
